TN:
SF:src\modules\tools\services\CreateToolService.ts
FN:14,(anonymous_18)
FN:15,CreateToolService
FN:19,(anonymous_20)
FNF:3
FNH:3
FNDA:1,(anonymous_18)
FNDA:2,CreateToolService
FNDA:3,(anonymous_20)
DA:2,1
DA:4,1
DA:14,1
DA:17,2
DA:19,3
DA:21,3
DA:23,3
DA:24,1
DA:27,2
DA:34,2
DA:36,1
DA:38,1
LF:12
LH:12
BRDA:21,0,0,3
BRDA:23,1,0,1
BRDA:23,1,1,2
BRF:3
BRH:3
end_of_record
TN:
SF:src\modules\tools\services\DeleteToolService.ts
FN:6,(anonymous_18)
FN:7,DeleteToolService
FN:12,(anonymous_20)
FNF:3
FNH:3
FNDA:1,(anonymous_18)
FNDA:1,DeleteToolService
FNDA:1,(anonymous_20)
DA:1,1
DA:2,1
DA:6,1
DA:9,1
DA:12,1
DA:13,1
DA:14,0
DA:15,0
DA:17,0
DA:20,1
DA:22,1
LF:11
LH:8
BRDA:13,0,0,1
BRDA:14,1,0,0
BRDA:14,1,1,0
BRF:3
BRH:1
end_of_record
TN:
SF:src\modules\tools\services\ListToolsService.ts
FN:12,(anonymous_18)
FN:13,ListToolsService
FN:18,(anonymous_20)
FNF:3
FNH:0
FNDA:0,(anonymous_18)
FNDA:0,ListToolsService
FNDA:0,(anonymous_20)
DA:1,0
DA:4,0
DA:12,0
DA:15,0
DA:18,0
DA:19,0
DA:20,0
DA:21,0
DA:23,0
DA:25,0
DA:27,0
LF:11
LH:0
BRDA:19,0,0,0
BRDA:20,1,0,0
BRDA:20,1,1,0
BRF:3
BRH:0
end_of_record
